  [1m[35m (3080.2ms)[0m  [1m[35mCREATE DATABASE "private_events_development" ENCODING = 'unicode'[0m
  [1m[35m (2646.3ms)[0m  [1m[35mCREATE DATABASE "private_events_test" ENCODING = 'unicode'[0m
  [1m[35m (92.7ms)[0m  [1m[35mCREATE TABLE "schema_migrations" ("version" character varying NOT NULL PRIMARY KEY)[0m
  [1m[35m (40.5ms)[0m  [1m[35mCREATE TABLE "ar_internal_metadata" ("key" character varying NOT NULL PRIMARY KEY, "value" character varying, "created_at" timestamp(6) NOT NULL, "updated_at" timestamp(6) NOT NULL)[0m
  [1m[35m (14.4ms)[0m  [1m[34mSELECT pg_try_advisory_lock(5728513014153650910)[0m
  [1m[35m (3.2ms)[0m  [1m[34mSELECT "schema_migrations"."version" FROM "schema_migrations" ORDER BY "schema_migrations"."version" ASC[0m
Migrating to CreateUsers (20200904082011)
  [1m[35m (0.3ms)[0m  [1m[34mSELECT pg_advisory_unlock(5728513014153650910)[0m
  [1m[35m (0.4ms)[0m  [1m[34mSELECT pg_try_advisory_lock(5728513014153650910)[0m
  [1m[35m (1.0ms)[0m  [1m[34mSELECT "schema_migrations"."version" FROM "schema_migrations" ORDER BY "schema_migrations"."version" ASC[0m
Migrating to CreateUsers (20200904082011)
  [1m[35m (0.3ms)[0m  [1m[35mBEGIN[0m
  [1m[35m (100.0ms)[0m  [1m[35mCREATE TABLE "users" ("id" bigserial primary key, "name" character varying, "email" character varying, "password" character varying, "created_at" timestamp(6) NOT NULL, "updated_at" timestamp(6) NOT NULL)[0m
  [1m[36mprimary::SchemaMigration Create (23.9ms)[0m  [1m[32mINSERT INTO "schema_migrations" ("version") VALUES ($1) RETURNING "version"[0m  [["version", "20200904082011"]]
  [1m[35m (7.2ms)[0m  [1m[35mCOMMIT[0m
Migrating to CreateEvents (20200904082527)
  [1m[35m (6.5ms)[0m  [1m[35mBEGIN[0m
  [1m[35m (43.3ms)[0m  [1m[35mCREATE TABLE "events" ("id" bigserial primary key, "time" character varying, "location" character varying, "title" character varying, "description" text, "created_at" timestamp(6) NOT NULL, "updated_at" timestamp(6) NOT NULL)[0m
  [1m[36mprimary::SchemaMigration Create (0.6ms)[0m  [1m[32mINSERT INTO "schema_migrations" ("version") VALUES ($1) RETURNING "version"[0m  [["version", "20200904082527"]]
  [1m[35m (2.3ms)[0m  [1m[35mCOMMIT[0m
  [1m[36mActiveRecord::InternalMetadata Load (19.2ms)[0m  [1m[34mSELECT "ar_internal_metadata".* FROM "ar_internal_metadata" WHERE "ar_internal_metadata"."key" = $1 LIMIT $2[0m  [["key", "environment"], ["LIMIT", 1]]
  [1m[35m (0.2ms)[0m  [1m[35mBEGIN[0m
  [1m[36mActiveRecord::InternalMetadata Create (4.2ms)[0m  [1m[32mINSERT INTO "ar_internal_metadata" ("key", "value", "created_at", "updated_at") VALUES ($1, $2, $3, $4) RETURNING "key"[0m  [["key", "environment"], ["value", "development"], ["created_at", "2020-09-04 08:32:28.421112"], ["updated_at", "2020-09-04 08:32:28.421112"]]
  [1m[35m (2.2ms)[0m  [1m[35mCOMMIT[0m
  [1m[35m (0.4ms)[0m  [1m[34mSELECT pg_advisory_unlock(5728513014153650910)[0m
  [1m[35m (1.1ms)[0m  [1m[34mSELECT "schema_migrations"."version" FROM "schema_migrations" ORDER BY "schema_migrations"."version" ASC[0m
Started GET "/" for ::1 at 2020-09-04 19:05:39 +0800
  [1m[35m (3.2ms)[0m  [1m[34mSELECT "schema_migrations"."version" FROM "schema_migrations" ORDER BY "schema_migrations"."version" ASC[0m
Processing by Rails::WelcomeController#index as HTML
  Rendering /usr/local/opt/gems/gems/railties-6.0.3.2/lib/rails/templates/rails/welcome/index.html.erb
  Rendered /usr/local/opt/gems/gems/railties-6.0.3.2/lib/rails/templates/rails/welcome/index.html.erb (Duration: 32.0ms | Allocations: 409)
Completed 200 OK in 75ms (Views: 50.9ms | ActiveRecord: 0.0ms | Allocations: 2676)


Started GET "/events" for ::1 at 2020-09-04 19:05:45 +0800
Processing by EventsController#index as HTML
  Rendering events/index.html.erb within layouts/application
  [1m[36mEvent Load (35.1ms)[0m  [1m[34mSELECT "events".* FROM "events"[0m
  ↳ app/views/events/index.html.erb:17
  Rendered events/index.html.erb within layouts/application (Duration: 145.3ms | Allocations: 1491)
[Webpacker] Compiling...
[Webpacker] Compiled all packs in /Users/lucid/Desktop/private-events/public/packs
[Webpacker] Hash: 15d1bb7b54cf6326b9ba
Version: webpack 4.44.1
Time: 5296ms
Built at: 09/04/2020 7:06:00 PM
                                     Asset       Size       Chunks                         Chunk Names
    js/application-9afcbb5693aa87623e69.js    124 KiB  application  [emitted] [immutable]  application
js/application-9afcbb5693aa87623e69.js.map    139 KiB  application  [emitted] [dev]        application
                             manifest.json  364 bytes               [emitted]              
Entrypoint application = js/application-9afcbb5693aa87623e69.js js/application-9afcbb5693aa87623e69.js.map
[./app/javascript/channels sync recursive _channel\.js$] ./app/javascript/channels sync _channel\.js$ 160 bytes {application} [built]
[./app/javascript/channels/index.js] 211 bytes {application} [built]
[./app/javascript/packs/application.js] 749 bytes {application} [built]
[./node_modules/webpack/buildin/module.js] (webpack)/buildin/module.js 552 bytes {application} [built]
    + 3 hidden modules

Completed 200 OK in 14440ms (Views: 14252.6ms | ActiveRecord: 111.5ms | Allocations: 26282)


Started GET "/users" for ::1 at 2020-09-04 19:06:05 +0800
Processing by UsersController#index as HTML
  Rendering users/index.html.erb within layouts/application
  [1m[36mUser Load (37.4ms)[0m  [1m[34mSELECT "users".* FROM "users"[0m
  ↳ app/views/users/index.html.erb:16
  Rendered users/index.html.erb within layouts/application (Duration: 90.3ms | Allocations: 1238)
[Webpacker] Everything's up-to-date. Nothing to do
Completed 200 OK in 157ms (Views: 81.0ms | ActiveRecord: 59.8ms | Allocations: 6277)


Started GET "/users/new" for ::1 at 2020-09-04 19:06:08 +0800
Processing by UsersController#new as HTML
  Rendering users/new.html.erb within layouts/application
  Rendered users/_form.html.erb (Duration: 137.3ms | Allocations: 11653)
  Rendered users/new.html.erb within layouts/application (Duration: 141.9ms | Allocations: 11986)
[Webpacker] Everything's up-to-date. Nothing to do
Completed 200 OK in 288ms (Views: 173.9ms | ActiveRecord: 90.8ms | Allocations: 19369)


Started GET "/users" for ::1 at 2020-09-04 19:06:10 +0800
Processing by UsersController#index as HTML
  Rendering users/index.html.erb within layouts/application
  [1m[36mUser Load (28.3ms)[0m  [1m[34mSELECT "users".* FROM "users"[0m
  ↳ app/views/users/index.html.erb:16
  Rendered users/index.html.erb within layouts/application (Duration: 33.8ms | Allocations: 676)
[Webpacker] Everything's up-to-date. Nothing to do
Completed 200 OK in 92ms (Views: 61.1ms | ActiveRecord: 28.3ms | Allocations: 4898)


Started GET "/users/new" for ::1 at 2020-09-04 19:06:13 +0800
Processing by UsersController#new as HTML
  Rendering users/new.html.erb within layouts/application
  Rendered users/_form.html.erb (Duration: 1.9ms | Allocations: 871)
  Rendered users/new.html.erb within layouts/application (Duration: 4.0ms | Allocations: 954)
[Webpacker] Everything's up-to-date. Nothing to do
Completed 200 OK in 27ms (Views: 24.5ms | ActiveRecord: 0.0ms | Allocations: 5184)


Started GET "/users" for ::1 at 2020-09-04 19:06:15 +0800
Processing by UsersController#index as HTML
  Rendering users/index.html.erb within layouts/application
  [1m[36mUser Load (2.4ms)[0m  [1m[34mSELECT "users".* FROM "users"[0m
  ↳ app/views/users/index.html.erb:16
  Rendered users/index.html.erb within layouts/application (Duration: 5.2ms | Allocations: 664)
[Webpacker] Everything's up-to-date. Nothing to do
Completed 200 OK in 57ms (Views: 51.6ms | ActiveRecord: 2.4ms | Allocations: 4878)


Started GET "/users/new" for ::1 at 2020-09-04 19:06:16 +0800
Processing by UsersController#new as HTML
  Rendering users/new.html.erb within layouts/application
  Rendered users/_form.html.erb (Duration: 12.9ms | Allocations: 871)
  Rendered users/new.html.erb within layouts/application (Duration: 22.9ms | Allocations: 954)
[Webpacker] Everything's up-to-date. Nothing to do
Completed 200 OK in 96ms (Views: 92.8ms | ActiveRecord: 0.0ms | Allocations: 5186)


Started GET "/users" for ::1 at 2020-09-04 19:06:21 +0800
Processing by UsersController#index as HTML
  Rendering users/index.html.erb within layouts/application
  [1m[36mUser Load (1.4ms)[0m  [1m[34mSELECT "users".* FROM "users"[0m
  ↳ app/views/users/index.html.erb:16
  Rendered users/index.html.erb within layouts/application (Duration: 3.7ms | Allocations: 664)
[Webpacker] Everything's up-to-date. Nothing to do
Completed 200 OK in 45ms (Views: 41.8ms | ActiveRecord: 1.4ms | Allocations: 4884)


Started GET "/" for ::1 at 2020-09-04 19:06:24 +0800
Processing by Rails::WelcomeController#index as HTML
  Rendering /usr/local/opt/gems/gems/railties-6.0.3.2/lib/rails/templates/rails/welcome/index.html.erb
  Rendered /usr/local/opt/gems/gems/railties-6.0.3.2/lib/rails/templates/rails/welcome/index.html.erb (Duration: 26.2ms | Allocations: 178)
Completed 200 OK in 40ms (Views: 32.2ms | ActiveRecord: 0.0ms | Allocations: 1165)


Started GET "/events" for ::1 at 2020-09-04 19:06:30 +0800
Processing by EventsController#index as HTML
  Rendering events/index.html.erb within layouts/application
  [1m[36mEvent Load (13.7ms)[0m  [1m[34mSELECT "events".* FROM "events"[0m
  ↳ app/views/events/index.html.erb:17
  Rendered events/index.html.erb within layouts/application (Duration: 32.6ms | Allocations: 672)
[Webpacker] Everything's up-to-date. Nothing to do
Completed 200 OK in 167ms (Views: 141.8ms | ActiveRecord: 13.7ms | Allocations: 4896)


Started GET "/users" for ::1 at 2020-09-04 19:13:36 +0800
Processing by UsersController#index as HTML
  Rendering users/index.html.erb within layouts/application
  [1m[36mUser Load (7.6ms)[0m  [1m[34mSELECT "users".* FROM "users"[0m
  ↳ app/views/users/index.html.erb:16
  Rendered users/index.html.erb within layouts/application (Duration: 58.4ms | Allocations: 747)
[Webpacker] Everything's up-to-date. Nothing to do
Completed 200 OK in 247ms (Views: 216.0ms | ActiveRecord: 7.6ms | Allocations: 4992)


Started GET "/users/new" for ::1 at 2020-09-04 19:13:45 +0800
Processing by UsersController#new as HTML
  Rendering users/new.html.erb within layouts/application
  Rendered users/_form.html.erb (Duration: 10.0ms | Allocations: 874)
  Rendered users/new.html.erb within layouts/application (Duration: 11.4ms | Allocations: 956)
[Webpacker] Everything's up-to-date. Nothing to do
Completed 200 OK in 47ms (Views: 43.3ms | ActiveRecord: 0.0ms | Allocations: 5173)


Started POST "/users" for ::1 at 2020-09-04 19:13:58 +0800
Processing by UsersController#create as HTML
  Parameters: {"authenticity_token"=>"otXjRiFsjCr4wKwfySBKnR2tWbNK+coHp6HtM79Jd+kWDlaBSui0xxtMrLopdSO7V5WfX8tehGfMsP4IW6t79A==", "user"=>{"name"=>"x", "email"=>"x@x.x", "password"=>"[FILTERED]"}, "commit"=>"Create User"}
  [1m[35m (18.0ms)[0m  [1m[35mBEGIN[0m
  ↳ app/controllers/users_controller.rb:30:in `block in create'
  [1m[36mUser Create (221.9ms)[0m  [1m[32mINSERT INTO "users" ("name", "email", "password", "created_at", "updated_at") VALUES ($1, $2, $3, $4, $5) RETURNING "id"[0m  [["name", "x"], ["email", "x@x.x"], ["password", "xxxxxx"], ["created_at", "2020-09-04 11:13:58.990491"], ["updated_at", "2020-09-04 11:13:58.990491"]]
  ↳ app/controllers/users_controller.rb:30:in `block in create'
  [1m[35m (56.2ms)[0m  [1m[35mCOMMIT[0m
  ↳ app/controllers/users_controller.rb:30:in `block in create'
Redirected to http://localhost:3000/users/1
Completed 302 Found in 330ms (ActiveRecord: 296.1ms | Allocations: 3316)


Started GET "/users/1" for ::1 at 2020-09-04 19:13:59 +0800
Processing by UsersController#show as HTML
  Parameters: {"id"=>"1"}
  [1m[36mUser Load (3.6ms)[0m  [1m[34mSELECT "users".* FROM "users" WHERE "users"."id" = $1 LIMIT $2[0m  [["id", 1], ["LIMIT", 1]]
  ↳ app/controllers/users_controller.rb:67:in `set_user'
  Rendering users/show.html.erb within layouts/application
  Rendered users/show.html.erb within layouts/application (Duration: 7.3ms | Allocations: 277)
[Webpacker] Everything's up-to-date. Nothing to do
Completed 200 OK in 188ms (Views: 117.0ms | ActiveRecord: 9.6ms | Allocations: 5638)


Started GET "/users" for ::1 at 2020-09-04 19:14:03 +0800
Processing by UsersController#index as HTML
  Rendering users/index.html.erb within layouts/application
  [1m[36mUser Load (19.2ms)[0m  [1m[34mSELECT "users".* FROM "users"[0m
  ↳ app/views/users/index.html.erb:16
  Rendered users/index.html.erb within layouts/application (Duration: 25.5ms | Allocations: 799)
[Webpacker] Everything's up-to-date. Nothing to do
Completed 200 OK in 54ms (Views: 32.1ms | ActiveRecord: 19.2ms | Allocations: 5026)


Started GET "/users/1" for ::1 at 2020-09-04 19:14:06 +0800
Processing by UsersController#show as HTML
  Parameters: {"id"=>"1"}
  [1m[36mUser Load (17.2ms)[0m  [1m[34mSELECT "users".* FROM "users" WHERE "users"."id" = $1 LIMIT $2[0m  [["id", 1], ["LIMIT", 1]]
  ↳ app/controllers/users_controller.rb:67:in `set_user'
  Rendering users/show.html.erb within layouts/application
  Rendered users/show.html.erb within layouts/application (Duration: 0.4ms | Allocations: 83)
[Webpacker] Everything's up-to-date. Nothing to do
Completed 200 OK in 80ms (Views: 44.7ms | ActiveRecord: 17.2ms | Allocations: 4865)


Started GET "/users" for ::1 at 2020-09-04 19:21:11 +0800
Processing by UsersController#index as HTML
  Rendering users/index.html.erb within layouts/application
  [1m[36mUser Load (0.9ms)[0m  [1m[34mSELECT "users".* FROM "users"[0m
  ↳ app/views/users/index.html.erb:16
  Rendered users/index.html.erb within layouts/application (Duration: 22.9ms | Allocations: 3926)
[Webpacker] Everything's up-to-date. Nothing to do
Completed 200 OK in 140ms (Views: 97.2ms | ActiveRecord: 0.9ms | Allocations: 10124)


  [1m[36mUser Load (3.9ms)[0m  [1m[34mSELECT "users".* FROM "users" ORDER BY "users"."id" ASC LIMIT $1[0m  [["LIMIT", 1]]
Started GET "/" for ::1 at 2020-09-04 19:23:26 +0800
Processing by EventsController#index as HTML
  Rendering events/index.html.erb within layouts/application
  [1m[36mEvent Load (21.8ms)[0m  [1m[34mSELECT "events".* FROM "events"[0m
  ↳ app/views/events/index.html.erb:17
  Rendered events/index.html.erb within layouts/application (Duration: 134.8ms | Allocations: 1076)
[Webpacker] Everything's up-to-date. Nothing to do
Completed 200 OK in 334ms (Views: 190.5ms | ActiveRecord: 50.7ms | Allocations: 6811)


Started GET "/events/new" for ::1 at 2020-09-04 19:23:31 +0800
Processing by EventsController#new as HTML
  Rendering events/new.html.erb within layouts/application
  Rendered events/_form.html.erb (Duration: 46.1ms | Allocations: 1773)
  Rendered events/new.html.erb within layouts/application (Duration: 65.4ms | Allocations: 2097)
[Webpacker] Everything's up-to-date. Nothing to do
Completed 200 OK in 346ms (Views: 148.9ms | ActiveRecord: 129.2ms | Allocations: 9909)


Started POST "/events" for ::1 at 2020-09-04 19:23:57 +0800
Processing by EventsController#create as HTML
  Parameters: {"authenticity_token"=>"lA6gaAf3yBqsTAaUr7i1vLbBaNp/5nxBjxiBjeQZYCuZ6pbNmK9KrCzBycVeNKkIxWfj1GtGwSMrxQVONN+vUw==", "event"=>{"time"=>"2pm", "location"=>"hill", "title"=>"event 1", "description"=>"another event"}, "commit"=>"Create Event"}
  Rendering events/new.html.erb within layouts/application
  Rendered events/_form.html.erb (Duration: 68.1ms | Allocations: 1364)
  Rendered events/new.html.erb within layouts/application (Duration: 70.0ms | Allocations: 1449)
[Webpacker] Everything's up-to-date. Nothing to do
Completed 200 OK in 434ms (Views: 171.1ms | ActiveRecord: 0.0ms | Allocations: 16348)


Started POST "/events" for ::1 at 2020-09-04 19:31:09 +0800
Processing by EventsController#create as HTML
  Parameters: {"authenticity_token"=>"EKAVk59vXpdMo7qhcMku4A8s4VwLPlDl/9+bITAhUUjQbzhVuanCKBjSAUTabJ/IFJ6iBCH8senLIHihmftJyw==", "event"=>{"time"=>"2pm", "location"=>"hill", "title"=>"event 1", "description"=>"another event"}, "commit"=>"Create Event"}
Completed 500 Internal Server Error in 83ms (ActiveRecord: 0.0ms | Allocations: 5361)


  
NoMethodError (undefined method `belongs_to_many' for #<Class:0x00007f9304102338>
Did you mean?  belongs_to):
  
app/models/event.rb:3:in `<class:Event>'
app/models/event.rb:1:in `<main>'
app/controllers/events_controller.rb:27:in `create'
Started POST "/events" for ::1 at 2020-09-04 19:34:16 +0800
Processing by EventsController#create as HTML
  Parameters: {"authenticity_token"=>"EKAVk59vXpdMo7qhcMku4A8s4VwLPlDl/9+bITAhUUjQbzhVuanCKBjSAUTabJ/IFJ6iBCH8senLIHihmftJyw==", "event"=>{"time"=>"2pm", "location"=>"hill", "title"=>"event 1", "description"=>"another event"}, "commit"=>"Create Event"}
  Rendering events/new.html.erb within layouts/application
  Rendered events/_form.html.erb (Duration: 23.6ms | Allocations: 1238)
  Rendered events/new.html.erb within layouts/application (Duration: 27.3ms | Allocations: 1321)
[Webpacker] Everything's up-to-date. Nothing to do
Completed 200 OK in 207ms (Views: 109.8ms | ActiveRecord: 32.4ms | Allocations: 13050)


Started GET "/events" for ::1 at 2020-09-04 19:40:23 +0800
Processing by EventsController#index as HTML
  Rendering events/index.html.erb within layouts/application
  [1m[36mEvent Load (6.5ms)[0m  [1m[34mSELECT "events".* FROM "events"[0m
  ↳ app/views/events/index.html.erb:17
  Rendered events/index.html.erb within layouts/application (Duration: 26.2ms | Allocations: 1007)
[Webpacker] Everything's up-to-date. Nothing to do
Completed 200 OK in 182ms (Views: 111.4ms | ActiveRecord: 6.5ms | Allocations: 6443)


Started GET "/events/new" for ::1 at 2020-09-04 19:40:26 +0800
Processing by EventsController#new as HTML
  Rendering events/new.html.erb within layouts/application
  Rendered events/_form.html.erb (Duration: 17.2ms | Allocations: 1113)
  Rendered events/new.html.erb within layouts/application (Duration: 19.1ms | Allocations: 1195)
[Webpacker] Everything's up-to-date. Nothing to do
Completed 200 OK in 94ms (Views: 61.8ms | ActiveRecord: 0.0ms | Allocations: 8670)


Started POST "/events" for ::1 at 2020-09-04 19:40:38 +0800
Processing by EventsController#create as HTML
  Parameters: {"authenticity_token"=>"90xT9uDGMv9kuR4+gbAr+V+yXPOoDM5qI43TU1fQQsv6qGVTf56wSeQ00W9wPDdNLBTX/byscwiHUFeQhxaNsw==", "event"=>{"time"=>"2pm", "location"=>"burnam", "title"=>"b", "description"=>"bssd"}, "commit"=>"Create Event"}
  Rendering events/new.html.erb within layouts/application
  Rendered events/_form.html.erb (Duration: 22.8ms | Allocations: 1220)
  Rendered events/new.html.erb within layouts/application (Duration: 23.4ms | Allocations: 1302)
[Webpacker] Everything's up-to-date. Nothing to do
Completed 200 OK in 138ms (Views: 116.3ms | ActiveRecord: 0.0ms | Allocations: 7980)


Started GET "/users" for ::1 at 2020-09-04 19:40:45 +0800
Processing by UsersController#index as HTML
  Rendering users/index.html.erb within layouts/application
  [1m[36mUser Load (53.6ms)[0m  [1m[34mSELECT "users".* FROM "users"[0m
  ↳ app/views/users/index.html.erb:16
  Rendered users/index.html.erb within layouts/application (Duration: 181.5ms | Allocations: 3980)
[Webpacker] Everything's up-to-date. Nothing to do
Completed 200 OK in 221ms (Views: 62.4ms | ActiveRecord: 154.5ms | Allocations: 8458)


Started GET "/events/new" for ::1 at 2020-09-04 19:41:05 +0800
Processing by EventsController#new as HTML
  Rendering events/new.html.erb within layouts/application
  Rendered events/_form.html.erb (Duration: 10.1ms | Allocations: 1052)
  Rendered events/new.html.erb within layouts/application (Duration: 11.0ms | Allocations: 1134)
[Webpacker] Everything's up-to-date. Nothing to do
Completed 200 OK in 64ms (Views: 61.5ms | ActiveRecord: 0.0ms | Allocations: 5356)


Started POST "/events" for ::1 at 2020-09-04 19:41:13 +0800
Processing by EventsController#create as HTML
  Parameters: {"authenticity_token"=>"H6Q+c9qaIHN35SKa/sIz4NyqItSY6OHmbzEbav6BNOYSQAjWRcKixfdo7csPTi9Urwyp2oxIXITL7J+pLkf7ng==", "event"=>{"time"=>"2pm", "location"=>"new loc", "title"=>"hello", "description"=>"adads"}, "commit"=>"Create Event"}
  Rendering events/new.html.erb within layouts/application
  Rendered events/_form.html.erb (Duration: 8.4ms | Allocations: 1217)
  Rendered events/new.html.erb within layouts/application (Duration: 9.2ms | Allocations: 1299)
[Webpacker] Everything's up-to-date. Nothing to do
Completed 200 OK in 54ms (Views: 45.9ms | ActiveRecord: 0.0ms | Allocations: 6424)


Started GET "/users/new" for ::1 at 2020-09-04 19:42:41 +0800
Processing by UsersController#new as HTML
  Rendering users/new.html.erb within layouts/application
  Rendered users/_form.html.erb (Duration: 9.0ms | Allocations: 936)
  Rendered users/new.html.erb within layouts/application (Duration: 10.1ms | Allocations: 1019)
[Webpacker] Everything's up-to-date. Nothing to do
Completed 200 OK in 121ms (Views: 55.0ms | ActiveRecord: 30.8ms | Allocations: 9727)


Started POST "/users" for ::1 at 2020-09-04 19:42:51 +0800
Processing by UsersController#create as HTML
  Parameters: {"authenticity_token"=>"NpyC+CCRgVeyVJAJCLdUs/Jk2O2VnMmMEqDoBd60T/yCRzc/SxW5ulHYkKzo4j2VuFweARQ7h+x5sfs+OlZD4Q==", "user"=>{"name"=>"a", "email"=>"a@a.com", "password"=>"[FILTERED]"}, "commit"=>"Create User"}
  [1m[35m (0.3ms)[0m  [1m[35mBEGIN[0m
  ↳ app/controllers/users_controller.rb:31:in `block in create'
  [1m[36mUser Create (64.0ms)[0m  [1m[32mINSERT INTO "users" ("name", "email", "password", "created_at", "updated_at") VALUES ($1, $2, $3, $4, $5) RETURNING "id"[0m  [["name", "a"], ["email", "a@a.com"], ["password", "aaaaaa"], ["created_at", "2020-09-04 11:42:51.898788"], ["updated_at", "2020-09-04 11:42:51.898788"]]
  ↳ app/controllers/users_controller.rb:31:in `block in create'
  [1m[35m (26.5ms)[0m  [1m[35mCOMMIT[0m
  ↳ app/controllers/users_controller.rb:31:in `block in create'
Redirected to http://localhost:3000/users/2
Completed 302 Found in 125ms (ActiveRecord: 90.8ms | Allocations: 3320)


Started GET "/users/2" for ::1 at 2020-09-04 19:42:52 +0800
Processing by UsersController#show as HTML
  Parameters: {"id"=>"2"}
  [1m[36mUser Load (4.7ms)[0m  [1m[34mSELECT "users".* FROM "users" WHERE "users"."id" = $1 LIMIT $2[0m  [["id", 2], ["LIMIT", 1]]
  ↳ app/controllers/users_controller.rb:68:in `set_user'
  Rendering users/show.html.erb within layouts/application
  Rendered users/show.html.erb within layouts/application (Duration: 1.6ms | Allocations: 88)
[Webpacker] Everything's up-to-date. Nothing to do
Completed 200 OK in 86ms (Views: 30.3ms | ActiveRecord: 33.5ms | Allocations: 5061)


Started GET "/users" for ::1 at 2020-09-04 19:44:14 +0800
Processing by UsersController#index as HTML
  Rendering users/index.html.erb within layouts/application
  [1m[36mUser Load (1.2ms)[0m  [1m[34mSELECT "users".* FROM "users"[0m
  ↳ app/views/users/index.html.erb:16
  Rendered users/index.html.erb within layouts/application (Duration: 100.2ms | Allocations: 4153)
[Webpacker] Everything's up-to-date. Nothing to do
Completed 200 OK in 178ms (Views: 74.0ms | ActiveRecord: 77.4ms | Allocations: 9768)


Started DELETE "/users/2" for ::1 at 2020-09-04 19:44:17 +0800
Processing by UsersController#destroy as HTML
  Parameters: {"authenticity_token"=>"ntf7rd0uNraI3FjJXsnjLmgx0qO4r+jjDxoxMo7W7B5eGNZr++iqCdyt4yz0bFIGc4OR+5JtCe875dKyJwz0nQ==", "id"=>"2"}
  [1m[36mUser Load (8.9ms)[0m  [1m[34mSELECT "users".* FROM "users" WHERE "users"."id" = $1 LIMIT $2[0m  [["id", 2], ["LIMIT", 1]]
  ↳ app/controllers/users_controller.rb:68:in `set_user'
  [1m[35m (7.7ms)[0m  [1m[35mBEGIN[0m
  ↳ app/controllers/users_controller.rb:58:in `destroy'
  [1m[36mUser Destroy (28.8ms)[0m  [1m[31mDELETE FROM "users" WHERE "users"."id" = $1[0m  [["id", 2]]
  ↳ app/controllers/users_controller.rb:58:in `destroy'
  [1m[35m (13.5ms)[0m  [1m[35mCOMMIT[0m
  ↳ app/controllers/users_controller.rb:58:in `destroy'
Redirected to http://localhost:3000/users
Completed 302 Found in 117ms (ActiveRecord: 58.9ms | Allocations: 3237)


Started GET "/users" for ::1 at 2020-09-04 19:44:18 +0800
Processing by UsersController#index as HTML
  Rendering users/index.html.erb within layouts/application
  [1m[36mUser Load (31.6ms)[0m  [1m[34mSELECT "users".* FROM "users"[0m
  ↳ app/views/users/index.html.erb:16
  Rendered users/index.html.erb within layouts/application (Duration: 36.1ms | Allocations: 796)
[Webpacker] Everything's up-to-date. Nothing to do
Completed 200 OK in 76ms (Views: 29.1ms | ActiveRecord: 31.6ms | Allocations: 5027)


Started GET "/users/new" for ::1 at 2020-09-04 19:44:19 +0800
Processing by UsersController#new as HTML
  Rendering users/new.html.erb within layouts/application
  Rendered users/_form.html.erb (Duration: 6.3ms | Allocations: 877)
  Rendered users/new.html.erb within layouts/application (Duration: 10.8ms | Allocations: 959)
[Webpacker] Everything's up-to-date. Nothing to do
Completed 200 OK in 47ms (Views: 45.0ms | ActiveRecord: 0.0ms | Allocations: 5178)


Started POST "/users" for ::1 at 2020-09-04 19:44:25 +0800
Processing by UsersController#create as HTML
  Parameters: {"authenticity_token"=>"XhcWgG1WziM0dw+E7LION4v9eBt2Va2UkTujeAq2kbvqzKNHBtL2ztf7DyEM52cRwcW+9/fy4/T6KrBD7lSdpg==", "user"=>{"name"=>"x", "email"=>"x@x.x", "password"=>"[FILTERED]"}, "commit"=>"Create User"}
  [1m[35m (13.5ms)[0m  [1m[35mBEGIN[0m
  ↳ app/controllers/users_controller.rb:30:in `block in create'
  [1m[36mUser Create (9.9ms)[0m  [1m[32mINSERT INTO "users" ("name", "email", "password", "created_at", "updated_at") VALUES ($1, $2, $3, $4, $5) RETURNING "id"[0m  [["name", "x"], ["email", "x@x.x"], ["password", "xxxxxx"], ["created_at", "2020-09-04 11:44:25.944090"], ["updated_at", "2020-09-04 11:44:25.944090"]]
  ↳ app/controllers/users_controller.rb:30:in `block in create'
  [1m[35m (11.5ms)[0m  [1m[35mCOMMIT[0m
  ↳ app/controllers/users_controller.rb:30:in `block in create'
Redirected to http://localhost:3000/users/3
Completed 302 Found in 57ms (ActiveRecord: 35.0ms | Allocations: 3298)


Started GET "/users/3" for ::1 at 2020-09-04 19:44:26 +0800
Processing by UsersController#show as HTML
  Parameters: {"id"=>"3"}
  [1m[36mUser Load (4.2ms)[0m  [1m[34mSELECT "users".* FROM "users" WHERE "users"."id" = $1 LIMIT $2[0m  [["id", 3], ["LIMIT", 1]]
  ↳ app/controllers/users_controller.rb:68:in `set_user'
  Rendering users/show.html.erb within layouts/application
  Rendered users/show.html.erb within layouts/application (Duration: 0.6ms | Allocations: 85)
[Webpacker] Everything's up-to-date. Nothing to do
Completed 200 OK in 37ms (Views: 28.4ms | ActiveRecord: 4.2ms | Allocations: 4868)


Started GET "/users" for ::1 at 2020-09-04 19:44:29 +0800
Processing by UsersController#index as HTML
  Rendering users/index.html.erb within layouts/application
  [1m[36mUser Load (18.0ms)[0m  [1m[34mSELECT "users".* FROM "users"[0m
  ↳ app/views/users/index.html.erb:16
  Rendered users/index.html.erb within layouts/application (Duration: 23.5ms | Allocations: 924)
[Webpacker] Everything's up-to-date. Nothing to do
Completed 200 OK in 66ms (Views: 42.1ms | ActiveRecord: 18.0ms | Allocations: 5142)


Started DELETE "/users/3" for ::1 at 2020-09-04 19:47:15 +0800
Processing by UsersController#destroy as HTML
  Parameters: {"authenticity_token"=>"No50jkPZWOoTIwa9U7wzacl2nD0oeI44935ueFgtP0T2QVlIZR/EVUdSvVj5GYJB0sTfZQK6bzTDgY348fcnxw==", "id"=>"3"}
  [1m[36mUser Load (0.5ms)[0m  [1m[34mSELECT "users".* FROM "users" WHERE "users"."id" = $1 LIMIT $2[0m  [["id", 3], ["LIMIT", 1]]
  ↳ app/controllers/users_controller.rb:68:in `set_user'
  [1m[35m (8.7ms)[0m  [1m[35mBEGIN[0m
  ↳ app/controllers/users_controller.rb:58:in `destroy'
  [1m[36mUser Destroy (0.5ms)[0m  [1m[31mDELETE FROM "users" WHERE "users"."id" = $1[0m  [["id", 3]]
  ↳ app/controllers/users_controller.rb:58:in `destroy'
  [1m[35m (43.6ms)[0m  [1m[35mCOMMIT[0m
  ↳ app/controllers/users_controller.rb:58:in `destroy'
Redirected to http://localhost:3000/users
Completed 302 Found in 177ms (ActiveRecord: 67.6ms | Allocations: 7640)


Started GET "/users" for ::1 at 2020-09-04 19:47:15 +0800
Processing by UsersController#index as HTML
  Rendering users/index.html.erb within layouts/application
  [1m[36mUser Load (32.5ms)[0m  [1m[34mSELECT "users".* FROM "users"[0m
  ↳ app/views/users/index.html.erb:16
  Rendered users/index.html.erb within layouts/application (Duration: 41.6ms | Allocations: 862)
[Webpacker] Everything's up-to-date. Nothing to do
Completed 200 OK in 118ms (Views: 83.5ms | ActiveRecord: 32.5ms | Allocations: 5265)


Started DELETE "/users/1" for ::1 at 2020-09-04 19:47:18 +0800
Processing by UsersController#destroy as HTML
  Parameters: {"authenticity_token"=>"RsZQSqM4qI+rCZppdLkv/MrMsuXpBAXwLM0IXcaAYUqGCX2Mhf40MP94IYzeHJ7U0X7xvcPG5PwYMuvdb1p5yQ==", "id"=>"1"}
  [1m[36mUser Load (9.8ms)[0m  [1m[34mSELECT "users".* FROM "users" WHERE "users"."id" = $1 LIMIT $2[0m  [["id", 1], ["LIMIT", 1]]
  ↳ app/controllers/users_controller.rb:68:in `set_user'
  [1m[35m (36.1ms)[0m  [1m[35mBEGIN[0m
  ↳ app/controllers/users_controller.rb:58:in `destroy'
  [1m[36mUser Destroy (0.9ms)[0m  [1m[31mDELETE FROM "users" WHERE "users"."id" = $1[0m  [["id", 1]]
  ↳ app/controllers/users_controller.rb:58:in `destroy'
  [1m[35m (6.3ms)[0m  [1m[35mCOMMIT[0m
  ↳ app/controllers/users_controller.rb:58:in `destroy'
Redirected to http://localhost:3000/users
Completed 302 Found in 81ms (ActiveRecord: 53.0ms | Allocations: 3095)


Started GET "/users" for ::1 at 2020-09-04 19:47:18 +0800
Processing by UsersController#index as HTML
  Rendering users/index.html.erb within layouts/application
  [1m[36mUser Load (11.9ms)[0m  [1m[34mSELECT "users".* FROM "users"[0m
  ↳ app/views/users/index.html.erb:16
  Rendered users/index.html.erb within layouts/application (Duration: 15.0ms | Allocations: 666)
[Webpacker] Everything's up-to-date. Nothing to do
Completed 200 OK in 43ms (Views: 29.6ms | ActiveRecord: 11.9ms | Allocations: 4898)


Started GET "/users/new" for ::1 at 2020-09-04 19:47:20 +0800
Processing by UsersController#new as HTML
  Rendering users/new.html.erb within layouts/application
  Rendered users/_form.html.erb (Duration: 6.2ms | Allocations: 877)
  Rendered users/new.html.erb within layouts/application (Duration: 6.8ms | Allocations: 959)
[Webpacker] Everything's up-to-date. Nothing to do
Completed 200 OK in 32ms (Views: 29.3ms | ActiveRecord: 0.0ms | Allocations: 5190)


Started POST "/users" for ::1 at 2020-09-04 19:47:27 +0800
Processing by UsersController#create as HTML
  Parameters: {"authenticity_token"=>"sfTTbjpAYdMuQhtZkQLSKzN8E9jsKeAO9TPUMApOS9cFL2apUcRZPs3OG/xxV7sNeUTVNG2Orm6eIscL7qxHyg==", "user"=>{"name"=>"x", "email"=>"x@x.x", "password"=>"[FILTERED]"}, "commit"=>"Create User"}
  [1m[35m (3.4ms)[0m  [1m[35mBEGIN[0m
  ↳ app/controllers/users_controller.rb:30:in `block in create'
  [1m[36mUser Create (3.7ms)[0m  [1m[32mINSERT INTO "users" ("name", "email", "password", "created_at", "updated_at") VALUES ($1, $2, $3, $4, $5) RETURNING "id"[0m  [["name", "x"], ["email", "x@x.x"], ["password", "xxxxxx"], ["created_at", "2020-09-04 11:47:27.044862"], ["updated_at", "2020-09-04 11:47:27.044862"]]
  ↳ app/controllers/users_controller.rb:30:in `block in create'
  [1m[35m (18.4ms)[0m  [1m[35mCOMMIT[0m
  ↳ app/controllers/users_controller.rb:30:in `block in create'
Redirected to http://localhost:3000/users/4
Completed 302 Found in 97ms (ActiveRecord: 25.4ms | Allocations: 3277)


Started GET "/users/4" for ::1 at 2020-09-04 19:47:27 +0800
Processing by UsersController#show as HTML
  Parameters: {"id"=>"4"}
  [1m[36mUser Load (6.8ms)[0m  [1m[34mSELECT "users".* FROM "users" WHERE "users"."id" = $1 LIMIT $2[0m  [["id", 4], ["LIMIT", 1]]
  ↳ app/controllers/users_controller.rb:68:in `set_user'
  Rendering users/show.html.erb within layouts/application
  Rendered users/show.html.erb within layouts/application (Duration: 0.9ms | Allocations: 85)
[Webpacker] Everything's up-to-date. Nothing to do
Completed 200 OK in 57ms (Views: 29.7ms | ActiveRecord: 6.8ms | Allocations: 4891)


Started GET "/users" for ::1 at 2020-09-04 19:47:58 +0800
Processing by UsersController#index as HTML
  Rendering users/index.html.erb within layouts/application
  [1m[36mUser Load (8.3ms)[0m  [1m[34mSELECT "users".* FROM "users"[0m
  ↳ app/views/users/index.html.erb:16
  Rendered users/index.html.erb within layouts/application (Duration: 16.3ms | Allocations: 794)
[Webpacker] Everything's up-to-date. Nothing to do
Completed 200 OK in 107ms (Views: 93.8ms | ActiveRecord: 8.3ms | Allocations: 5012)


Started GET "/users" for ::1 at 2020-09-04 19:49:36 +0800
Processing by UsersController#index as HTML
  Rendering users/index.html.erb within layouts/application
  [1m[36mUser Load (78.3ms)[0m  [1m[34mSELECT "users".* FROM "users"[0m
  ↳ app/views/users/index.html.erb:16
  Rendered users/index.html.erb within layouts/application (Duration: 118.5ms | Allocations: 795)
[Webpacker] Everything's up-to-date. Nothing to do
Completed 200 OK in 247ms (Views: 158.3ms | ActiveRecord: 78.3ms | Allocations: 5017)


Started GET "/users" for ::1 at 2020-09-04 19:49:41 +0800
Processing by UsersController#index as HTML
  Rendering users/index.html.erb within layouts/application
  [1m[36mUser Load (18.5ms)[0m  [1m[34mSELECT "users".* FROM "users"[0m
  ↳ app/views/users/index.html.erb:16
  Rendered users/index.html.erb within layouts/application (Duration: 26.6ms | Allocations: 794)
[Webpacker] Everything's up-to-date. Nothing to do
Completed 200 OK in 121ms (Views: 99.6ms | ActiveRecord: 18.5ms | Allocations: 5016)


Started GET "/users/new" for ::1 at 2020-09-04 19:55:11 +0800
Processing by UsersController#new as HTML
  Rendering users/new.html.erb within layouts/application
  Rendered users/_form.html.erb (Duration: 4.7ms | Allocations: 936)
  Rendered users/new.html.erb within layouts/application (Duration: 5.3ms | Allocations: 1019)
[Webpacker] Everything's up-to-date. Nothing to do
Completed 200 OK in 197ms (Views: 79.8ms | ActiveRecord: 90.5ms | Allocations: 9784)


Started GET "/users" for ::1 at 2020-09-04 19:55:14 +0800
Processing by UsersController#index as HTML
  Rendering users/index.html.erb within layouts/application
  [1m[36mUser Load (1.6ms)[0m  [1m[34mSELECT "users".* FROM "users"[0m
  ↳ app/views/users/index.html.erb:16
  Rendered users/index.html.erb within layouts/application (Duration: 12.3ms | Allocations: 810)
[Webpacker] Everything's up-to-date. Nothing to do
Completed 200 OK in 46ms (Views: 42.5ms | ActiveRecord: 1.6ms | Allocations: 5055)


Started POST "/events" for ::1 at 2020-09-04 19:55:17 +0800
Processing by EventsController#create as HTML
  Parameters: {"authenticity_token"=>"ybafSU6qAyEyhFizdXURdjtaU83lIz5SWGey+rpQEcIJebKPaGyfnmb141bf0KBeIOgQlc/h315smFF6E4oJQQ==", "event"=>{"time"=>"2pm", "location"=>"new loc", "title"=>"hello", "description"=>"adads"}, "commit"=>"Create Event"}
  Rendering events/new.html.erb within layouts/application
  Rendered events/_form.html.erb (Duration: 8.7ms | Allocations: 1234)
  Rendered events/new.html.erb within layouts/application (Duration: 10.4ms | Allocations: 1317)
[Webpacker] Everything's up-to-date. Nothing to do
Completed 200 OK in 129ms (Views: 54.3ms | ActiveRecord: 24.8ms | Allocations: 11597)


Started DELETE "/users/4" for ::1 at 2020-09-04 19:55:38 +0800
Processing by UsersController#destroy as HTML
  Parameters: {"authenticity_token"=>"JkArwcs8v8PFO3DY/sGsxVp73dJ5FhbQINULsURLg0TmjwYH7fojfJFKyz1UZB3tQcmeilPU99wUKugx7ZGbxw==", "id"=>"4"}
  [1m[36mUser Load (4.7ms)[0m  [1m[34mSELECT "users".* FROM "users" WHERE "users"."id" = $1 LIMIT $2[0m  [["id", 4], ["LIMIT", 1]]
  ↳ app/controllers/users_controller.rb:68:in `set_user'
  [1m[35m (12.3ms)[0m  [1m[35mBEGIN[0m
  ↳ app/controllers/users_controller.rb:58:in `destroy'
  [1m[36mUser Destroy (2.4ms)[0m  [1m[31mDELETE FROM "users" WHERE "users"."id" = $1[0m  [["id", 4]]
  ↳ app/controllers/users_controller.rb:58:in `destroy'
  [1m[35m (5.6ms)[0m  [1m[35mCOMMIT[0m
  ↳ app/controllers/users_controller.rb:58:in `destroy'
Redirected to http://localhost:3000/users
Completed 302 Found in 50ms (ActiveRecord: 25.1ms | Allocations: 3207)


Started GET "/users" for ::1 at 2020-09-04 19:55:39 +0800
Processing by UsersController#index as HTML
  Rendering users/index.html.erb within layouts/application
  [1m[36mUser Load (23.8ms)[0m  [1m[34mSELECT "users".* FROM "users"[0m
  ↳ app/views/users/index.html.erb:16
  Rendered users/index.html.erb within layouts/application (Duration: 27.5ms | Allocations: 666)
[Webpacker] Everything's up-to-date. Nothing to do
Completed 200 OK in 85ms (Views: 59.1ms | ActiveRecord: 23.8ms | Allocations: 4904)


Started GET "/users/new" for ::1 at 2020-09-04 19:55:40 +0800
Processing by UsersController#new as HTML
  Rendering users/new.html.erb within layouts/application
  Rendered users/_form.html.erb (Duration: 9.7ms | Allocations: 871)
  Rendered users/new.html.erb within layouts/application (Duration: 10.3ms | Allocations: 953)
[Webpacker] Everything's up-to-date. Nothing to do
Completed 200 OK in 44ms (Views: 40.0ms | ActiveRecord: 0.0ms | Allocations: 5188)


Started POST "/users" for ::1 at 2020-09-04 19:55:46 +0800
Processing by UsersController#create as HTML
  Parameters: {"authenticity_token"=>"oPn5XVUvvSWw+XQwWqoChwNGsl2BQXpwtDtGBegWuVMUIkyaPquFyFN1dJW6/2uhSX50sQDmNBDfKlU+DPS1Tg==", "user"=>{"name"=>"x", "email"=>"x", "password"=>"[FILTERED]"}, "commit"=>"Create User"}
  [1m[35m (0.6ms)[0m  [1m[35mBEGIN[0m
  ↳ app/controllers/users_controller.rb:30:in `block in create'
  [1m[36mUser Create (22.4ms)[0m  [1m[32mINSERT INTO "users" ("name", "email", "password", "created_at", "updated_at") VALUES ($1, $2, $3, $4, $5) RETURNING "id"[0m  [["name", "x"], ["email", "x"], ["password", "x"], ["created_at", "2020-09-04 11:55:46.309216"], ["updated_at", "2020-09-04 11:55:46.309216"]]
  ↳ app/controllers/users_controller.rb:30:in `block in create'
  [1m[35m (2.9ms)[0m  [1m[35mCOMMIT[0m
  ↳ app/controllers/users_controller.rb:30:in `block in create'
Redirected to http://localhost:3000/users/5
Completed 302 Found in 55ms (ActiveRecord: 25.8ms | Allocations: 3284)


Started GET "/users/5" for ::1 at 2020-09-04 19:55:46 +0800
Processing by UsersController#show as HTML
  Parameters: {"id"=>"5"}
  [1m[36mUser Load (0.8ms)[0m  [1m[34mSELECT "users".* FROM "users" WHERE "users"."id" = $1 LIMIT $2[0m  [["id", 5], ["LIMIT", 1]]
  ↳ app/controllers/users_controller.rb:68:in `set_user'
  Rendering users/show.html.erb within layouts/application
  Rendered users/show.html.erb within layouts/application (Duration: 2.2ms | Allocations: 85)
[Webpacker] Everything's up-to-date. Nothing to do
Completed 200 OK in 64ms (Views: 57.7ms | ActiveRecord: 0.8ms | Allocations: 4878)


Started GET "/users" for ::1 at 2020-09-04 19:56:09 +0800
Processing by UsersController#index as HTML
  Rendering users/index.html.erb within layouts/application
  [1m[36mUser Load (29.1ms)[0m  [1m[34mSELECT "users".* FROM "users"[0m
  ↳ app/views/users/index.html.erb:16
  Rendered users/index.html.erb within layouts/application (Duration: 36.9ms | Allocations: 794)
[Webpacker] Everything's up-to-date. Nothing to do
Completed 200 OK in 105ms (Views: 72.2ms | ActiveRecord: 29.1ms | Allocations: 5012)


Started GET "/events" for ::1 at 2020-09-04 19:56:13 +0800
Processing by EventsController#index as HTML
  Rendering events/index.html.erb within layouts/application
  [1m[36mEvent Load (0.4ms)[0m  [1m[34mSELECT "events".* FROM "events"[0m
  ↳ app/views/events/index.html.erb:17
  Rendered events/index.html.erb within layouts/application (Duration: 4.3ms | Allocations: 669)
[Webpacker] Everything's up-to-date. Nothing to do
Completed 200 OK in 48ms (Views: 41.0ms | ActiveRecord: 0.4ms | Allocations: 4911)


Started GET "/events/new" for ::1 at 2020-09-04 19:56:14 +0800
Processing by EventsController#new as HTML
  Rendering events/new.html.erb within layouts/application
  Rendered events/_form.html.erb (Duration: 8.9ms | Allocations: 1056)
  Rendered events/new.html.erb within layouts/application (Duration: 9.7ms | Allocations: 1138)
[Webpacker] Everything's up-to-date. Nothing to do
Completed 200 OK in 43ms (Views: 40.4ms | ActiveRecord: 0.0ms | Allocations: 5379)


Started POST "/events" for ::1 at 2020-09-04 19:56:19 +0800
Processing by EventsController#create as HTML
  Parameters: {"authenticity_token"=>"LowVpsnfbLEmmSgA+eT4BHS3akZ998NXaWfKjDhCAyUjaCMDVofuB6YU51EIaOSwBxHhSGlXfjXNuk5P6ITMXQ==", "event"=>{"time"=>"2pm", "location"=>"x", "title"=>"x", "description"=>"x"}, "commit"=>"Create Event"}
  Rendering events/new.html.erb within layouts/application
  Rendered events/_form.html.erb (Duration: 22.9ms | Allocations: 1216)
  Rendered events/new.html.erb within layouts/application (Duration: 30.5ms | Allocations: 1298)
[Webpacker] Everything's up-to-date. Nothing to do
Completed 200 OK in 200ms (Views: 99.0ms | ActiveRecord: 0.0ms | Allocations: 6438)


Started POST "/events" for ::1 at 2020-09-04 19:56:50 +0800
Processing by EventsController#create as HTML
  Parameters: {"authenticity_token"=>"feMydOHeLtLb7NjFbda22+PWE+zijV1JsMU3kcodaRK9LB+yxxiybY+dYyDHcwfz+GRQtMhPvEWEOtQRY8dxkQ==", "event"=>{"time"=>"2pm", "location"=>"x", "title"=>"x", "description"=>"x"}, "commit"=>"Create Event"}
  Rendering events/new.html.erb within layouts/application
  Rendered events/_form.html.erb (Duration: 4.7ms | Allocations: 1233)
  Rendered events/new.html.erb within layouts/application (Duration: 5.2ms | Allocations: 1316)
[Webpacker] Everything's up-to-date. Nothing to do
Completed 200 OK in 118ms (Views: 58.5ms | ActiveRecord: 9.9ms | Allocations: 12802)


  [1m[35m (427.6ms)[0m  [1m[35mCREATE DATABASE "private_events_development" ENCODING = 'unicode'[0m
  [1m[35m (259.1ms)[0m  [1m[35mCREATE DATABASE "private_events_test" ENCODING = 'unicode'[0m
  [1m[35mSQL (0.1ms)[0m  [1m[35mCREATE EXTENSION IF NOT EXISTS "plpgsql"[0m
  [1m[35m (0.4ms)[0m  [1m[35mDROP TABLE IF EXISTS "events" CASCADE[0m
  [1m[35m (8.2ms)[0m  [1m[35mCREATE TABLE "events" ("id" bigserial primary key, "time" character varying, "location" character varying, "title" character varying, "description" text, "created_at" timestamp(6) NOT NULL, "updated_at" timestamp(6) NOT NULL)[0m
  [1m[35m (0.1ms)[0m  [1m[35mDROP TABLE IF EXISTS "users" CASCADE[0m
  [1m[35m (5.6ms)[0m  [1m[35mCREATE TABLE "users" ("id" bigserial primary key, "name" character varying, "email" character varying, "password" character varying, "created_at" timestamp(6) NOT NULL, "updated_at" timestamp(6) NOT NULL)[0m
  [1m[35m (3.6ms)[0m  [1m[35mCREATE TABLE "schema_migrations" ("version" character varying NOT NULL PRIMARY KEY)[0m
  [1m[35m (0.3ms)[0m  [1m[34mSELECT "schema_migrations"."version" FROM "schema_migrations" ORDER BY "schema_migrations"."version" ASC[0m
  [1m[35m (0.7ms)[0m  [1m[32mINSERT INTO "schema_migrations" (version) VALUES (20200904082527)[0m
  [1m[35m (0.7ms)[0m  [1m[32mINSERT INTO "schema_migrations" (version) VALUES
(20200904082011);

[0m
  [1m[35m (3.6ms)[0m  [1m[35mCREATE TABLE "ar_internal_metadata" ("key" character varying NOT NULL PRIMARY KEY, "value" character varying, "created_at" timestamp(6) NOT NULL, "updated_at" timestamp(6) NOT NULL)[0m
  [1m[36mActiveRecord::InternalMetadata Load (0.3ms)[0m  [1m[34mSELECT "ar_internal_metadata".* FROM "ar_internal_metadata" WHERE "ar_internal_metadata"."key" = $1 LIMIT $2[0m  [["key", "environment"], ["LIMIT", 1]]
  [1m[35m (0.2ms)[0m  [1m[35mBEGIN[0m
  [1m[36mActiveRecord::InternalMetadata Create (0.8ms)[0m  [1m[32mINSERT INTO "ar_internal_metadata" ("key", "value", "created_at", "updated_at") VALUES ($1, $2, $3, $4) RETURNING "key"[0m  [["key", "environment"], ["value", "development"], ["created_at", "2020-09-04 12:13:43.179187"], ["updated_at", "2020-09-04 12:13:43.179187"]]
  [1m[35m (0.6ms)[0m  [1m[35mCOMMIT[0m
  [1m[36mActiveRecord::InternalMetadata Load (0.2ms)[0m  [1m[34mSELECT "ar_internal_metadata".* FROM "ar_internal_metadata" WHERE "ar_internal_metadata"."key" = $1 LIMIT $2[0m  [["key", "environment"], ["LIMIT", 1]]
  [1m[36mActiveRecord::InternalMetadata Load (0.1ms)[0m  [1m[34mSELECT "ar_internal_metadata".* FROM "ar_internal_metadata" WHERE "ar_internal_metadata"."key" = $1 LIMIT $2[0m  [["key", "schema_sha1"], ["LIMIT", 1]]
  [1m[35m (0.1ms)[0m  [1m[35mBEGIN[0m
  [1m[36mActiveRecord::InternalMetadata Create (0.2ms)[0m  [1m[32mINSERT INTO "ar_internal_metadata" ("key", "value", "created_at", "updated_at") VALUES ($1, $2, $3, $4) RETURNING "key"[0m  [["key", "schema_sha1"], ["value", "d323f4182b4eaa4ee52920e3b8f7fbaea249c1a1"], ["created_at", "2020-09-04 12:13:43.185731"], ["updated_at", "2020-09-04 12:13:43.185731"]]
  [1m[35m (0.6ms)[0m  [1m[35mCOMMIT[0m
  [1m[35mSQL (0.3ms)[0m  [1m[35mCREATE EXTENSION IF NOT EXISTS "plpgsql"[0m
  [1m[35m (0.2ms)[0m  [1m[35mDROP TABLE IF EXISTS "events" CASCADE[0m
  [1m[35m (7.4ms)[0m  [1m[35mCREATE TABLE "events" ("id" bigserial primary key, "time" character varying, "location" character varying, "title" character varying, "description" text, "created_at" timestamp(6) NOT NULL, "updated_at" timestamp(6) NOT NULL)[0m
  [1m[35m (0.1ms)[0m  [1m[35mDROP TABLE IF EXISTS "users" CASCADE[0m
  [1m[35m (4.0ms)[0m  [1m[35mCREATE TABLE "users" ("id" bigserial primary key, "name" character varying, "email" character varying, "password" character varying, "created_at" timestamp(6) NOT NULL, "updated_at" timestamp(6) NOT NULL)[0m
  [1m[35m (3.9ms)[0m  [1m[35mCREATE TABLE "schema_migrations" ("version" character varying NOT NULL PRIMARY KEY)[0m
  [1m[35m (0.3ms)[0m  [1m[34mSELECT "schema_migrations"."version" FROM "schema_migrations" ORDER BY "schema_migrations"."version" ASC[0m
  [1m[35m (0.9ms)[0m  [1m[32mINSERT INTO "schema_migrations" (version) VALUES (20200904082527)[0m
  [1m[35m (0.8ms)[0m  [1m[32mINSERT INTO "schema_migrations" (version) VALUES
(20200904082011);

[0m
  [1m[35m (3.8ms)[0m  [1m[35mCREATE TABLE "ar_internal_metadata" ("key" character varying NOT NULL PRIMARY KEY, "value" character varying, "created_at" timestamp(6) NOT NULL, "updated_at" timestamp(6) NOT NULL)[0m
  [1m[36mActiveRecord::InternalMetadata Load (0.2ms)[0m  [1m[34mSELECT "ar_internal_metadata".* FROM "ar_internal_metadata" WHERE "ar_internal_metadata"."key" = $1 LIMIT $2[0m  [["key", "environment"], ["LIMIT", 1]]
  [1m[35m (0.1ms)[0m  [1m[35mBEGIN[0m
  [1m[36mActiveRecord::InternalMetadata Create (0.3ms)[0m  [1m[32mINSERT INTO "ar_internal_metadata" ("key", "value", "created_at", "updated_at") VALUES ($1, $2, $3, $4) RETURNING "key"[0m  [["key", "environment"], ["value", "development"], ["created_at", "2020-09-04 12:13:43.232767"], ["updated_at", "2020-09-04 12:13:43.232767"]]
  [1m[35m (0.7ms)[0m  [1m[35mCOMMIT[0m
  [1m[36mActiveRecord::InternalMetadata Load (0.2ms)[0m  [1m[34mSELECT "ar_internal_metadata".* FROM "ar_internal_metadata" WHERE "ar_internal_metadata"."key" = $1 LIMIT $2[0m  [["key", "environment"], ["LIMIT", 1]]
  [1m[35m (0.1ms)[0m  [1m[35mBEGIN[0m
  [1m[36mActiveRecord::InternalMetadata Update (0.2ms)[0m  [1m[33mUPDATE "ar_internal_metadata" SET "value" = $1, "updated_at" = $2 WHERE "ar_internal_metadata"."key" = $3[0m  [["value", "test"], ["updated_at", "2020-09-04 12:13:43.238038"], ["key", "environment"]]
  [1m[35m (0.8ms)[0m  [1m[35mCOMMIT[0m
  [1m[36mActiveRecord::InternalMetadata Load (0.2ms)[0m  [1m[34mSELECT "ar_internal_metadata".* FROM "ar_internal_metadata" WHERE "ar_internal_metadata"."key" = $1 LIMIT $2[0m  [["key", "schema_sha1"], ["LIMIT", 1]]
  [1m[35m (0.1ms)[0m  [1m[35mBEGIN[0m
  [1m[36mActiveRecord::InternalMetadata Create (0.2ms)[0m  [1m[32mINSERT INTO "ar_internal_metadata" ("key", "value", "created_at", "updated_at") VALUES ($1, $2, $3, $4) RETURNING "key"[0m  [["key", "schema_sha1"], ["value", "d323f4182b4eaa4ee52920e3b8f7fbaea249c1a1"], ["created_at", "2020-09-04 12:13:43.242464"], ["updated_at", "2020-09-04 12:13:43.242464"]]
  [1m[35m (0.8ms)[0m  [1m[35mCOMMIT[0m
  [1m[35m (0.4ms)[0m  [1m[34mSELECT "schema_migrations"."version" FROM "schema_migrations" ORDER BY "schema_migrations"."version" ASC[0m
  [1m[35m (0.2ms)[0m  [1m[34mSELECT pg_try_advisory_lock(5728513014153650910)[0m
  [1m[35m (0.3ms)[0m  [1m[34mSELECT "schema_migrations"."version" FROM "schema_migrations" ORDER BY "schema_migrations"."version" ASC[0m
Migrating to RemoveColumnFromUsers (20200904121248)
  [1m[35m (0.1ms)[0m  [1m[35mBEGIN[0m
  [1m[35m (0.7ms)[0m  [1m[35mALTER TABLE "users" DROP COLUMN "password"[0m
  [1m[36mprimary::SchemaMigration Create (0.3ms)[0m  [1m[32mINSERT INTO "schema_migrations" ("version") VALUES ($1) RETURNING "version"[0m  [["version", "20200904121248"]]
  [1m[35m (1.8ms)[0m  [1m[35mCOMMIT[0m
  [1m[36mActiveRecord::InternalMetadata Load (0.4ms)[0m  [1m[34mSELECT "ar_internal_metadata".* FROM "ar_internal_metadata" WHERE "ar_internal_metadata"."key" = $1 LIMIT $2[0m  [["key", "environment"], ["LIMIT", 1]]
  [1m[35m (0.5ms)[0m  [1m[34mSELECT pg_advisory_unlock(5728513014153650910)[0m
  [1m[35m (0.4ms)[0m  [1m[34mSELECT "schema_migrations"."version" FROM "schema_migrations" ORDER BY "schema_migrations"."version" ASC[0m
  [1m[35m (0.2ms)[0m  [1m[34mSELECT pg_try_advisory_lock(5728513014153650910)[0m
  [1m[35m (0.3ms)[0m  [1m[34mSELECT "schema_migrations"."version" FROM "schema_migrations" ORDER BY "schema_migrations"."version" ASC[0m
Migrating to AddUsersToEvents (20200904121501)
  [1m[35m (0.1ms)[0m  [1m[35mBEGIN[0m
  [1m[35m (2.2ms)[0m  [1m[35mALTER TABLE "events" ADD "user" reference[0m
  [1m[35m (0.2ms)[0m  [1m[31mROLLBACK[0m
  [1m[35m (0.3ms)[0m  [1m[34mSELECT pg_advisory_unlock(5728513014153650910)[0m
  [1m[35m (0.2ms)[0m  [1m[34mSELECT pg_try_advisory_lock(5728513014153650910)[0m
  [1m[35m (0.3ms)[0m  [1m[34mSELECT "schema_migrations"."version" FROM "schema_migrations" ORDER BY "schema_migrations"."version" ASC[0m
Migrating to AddUsersToEvents (20200904121501)
  [1m[35m (0.1ms)[0m  [1m[35mBEGIN[0m
  [1m[35m (3.9ms)[0m  [1m[35mALTER TABLE "events" ADD "user_id" bigint NOT NULL[0m
  [1m[35m (2.8ms)[0m  [1m[35mCREATE  INDEX  "index_events_on_user_id" ON "events"  ("user_id")[0m
  [1m[35m (2.7ms)[0m  [1m[35mALTER TABLE "events" ADD CONSTRAINT "fk_rails_0cb5590091"
FOREIGN KEY ("user_id")
  REFERENCES "users" ("id")
[0m
  [1m[36mprimary::SchemaMigration Create (0.3ms)[0m  [1m[32mINSERT INTO "schema_migrations" ("version") VALUES ($1) RETURNING "version"[0m  [["version", "20200904121501"]]
  [1m[35m (1.3ms)[0m  [1m[35mCOMMIT[0m
  [1m[36mActiveRecord::InternalMetadata Load (0.3ms)[0m  [1m[34mSELECT "ar_internal_metadata".* FROM "ar_internal_metadata" WHERE "ar_internal_metadata"."key" = $1 LIMIT $2[0m  [["key", "environment"], ["LIMIT", 1]]
  [1m[35m (0.2ms)[0m  [1m[34mSELECT pg_advisory_unlock(5728513014153650910)[0m
  [1m[35m (0.3ms)[0m  [1m[34mSELECT "schema_migrations"."version" FROM "schema_migrations" ORDER BY "schema_migrations"."version" ASC[0m
Started GET "/" for ::1 at 2020-09-04 15:18:58 +0300
  [1m[35m (0.3ms)[0m  [1m[34mSELECT "schema_migrations"."version" FROM "schema_migrations" ORDER BY "schema_migrations"."version" ASC[0m
Processing by EventsController#index as HTML
  Rendering events/index.html.erb within layouts/application
  [1m[36mEvent Load (0.4ms)[0m  [1m[34mSELECT "events".* FROM "events"[0m
  ↳ app/views/events/index.html.erb:18
  Rendered events/index.html.erb within layouts/application (Duration: 3.9ms | Allocations: 1769)
[Webpacker] Everything's up-to-date. Nothing to do
Completed 200 OK in 54ms (Views: 42.0ms | ActiveRecord: 1.6ms | Allocations: 32378)


Started GET "/events/new" for ::1 at 2020-09-04 15:19:03 +0300
Processing by EventsController#new as HTML
  Rendering events/new.html.erb within layouts/application
  Rendered events/_form.html.erb (Duration: 9.6ms | Allocations: 4842)
  Rendered events/new.html.erb within layouts/application (Duration: 10.3ms | Allocations: 5176)
[Webpacker] Everything's up-to-date. Nothing to do
Completed 200 OK in 23ms (Views: 14.0ms | ActiveRecord: 2.7ms | Allocations: 12904)


Started POST "/events" for ::1 at 2020-09-04 15:19:09 +0300
Processing by EventsController#create as HTML
  Parameters: {"authenticity_token"=>"4qFE57WxXWK0tlOa3Ed2aE1ARfSeoK+KcLt9K7w/yb2Twpit/sC9Ar4nIoEOCuK/ge0M40ZX7hUwh0pIH/h+Tw==", "event"=>{"time"=>"test", "location"=>"test", "title"=>"test", "description"=>"test"}, "commit"=>"Create Event"}
  Rendering events/new.html.erb within layouts/application
  Rendered events/_form.html.erb (Duration: 2.2ms | Allocations: 1234)
  Rendered events/new.html.erb within layouts/application (Duration: 2.5ms | Allocations: 1317)
[Webpacker] Everything's up-to-date. Nothing to do
Completed 200 OK in 15ms (Views: 6.4ms | ActiveRecord: 0.0ms | Allocations: 9010)


Started GET "/events" for ::1 at 2020-09-04 15:19:53 +0300
Processing by EventsController#index as HTML
  Rendering events/index.html.erb within layouts/application
  [1m[36mEvent Load (0.2ms)[0m  [1m[34mSELECT "events".* FROM "events"[0m
  ↳ app/views/events/index.html.erb:18
  Rendered events/index.html.erb within layouts/application (Duration: 2.8ms | Allocations: 1070)
[Webpacker] Everything's up-to-date. Nothing to do
Completed 200 OK in 10ms (Views: 5.8ms | ActiveRecord: 1.2ms | Allocations: 5183)


Started GET "/events/new" for ::1 at 2020-09-04 15:19:54 +0300
Processing by EventsController#new as HTML
  Rendering events/new.html.erb within layouts/application
  Rendered events/_form.html.erb (Duration: 1.4ms | Allocations: 1113)
  Rendered events/new.html.erb within layouts/application (Duration: 1.7ms | Allocations: 1196)
[Webpacker] Everything's up-to-date. Nothing to do
Completed 200 OK in 21ms (Views: 5.0ms | ActiveRecord: 2.5ms | Allocations: 8423)


Started POST "/events" for ::1 at 2020-09-04 15:20:00 +0300
Processing by EventsController#create as HTML
  Parameters: {"authenticity_token"=>"aHp7682LvM8PUyCzFp2QzFBaV8fE78q7ct0ppX/OcFsZGaehhvpcrwXCUajE0AQbnPce0BwYiyQy4R7G3AnHqQ==", "event"=>{"time"=>"test", "location"=>"test", "title"=>"test", "description"=>"test"}, "commit"=>"Create Event"}
  Rendering events/new.html.erb within layouts/application
  Rendered events/_form.html.erb (Duration: 1.7ms | Allocations: 1220)
  Rendered events/new.html.erb within layouts/application (Duration: 2.0ms | Allocations: 1302)
[Webpacker] Everything's up-to-date. Nothing to do
Completed 200 OK in 9ms (Views: 5.2ms | ActiveRecord: 0.0ms | Allocations: 6788)


